<?xml version="1.0" encoding="UTF-8"?>
<!-- Generated by org.testng.reporters.JUnitXMLReporter -->
<testsuite ignored="0" hostname="5CD138MBGZ" failures="0" tests="10" name="Default test" time="49.399" errors="0" timestamp="2022-06-10T19:37:39 IST">
  <testcase classname="PomPage.LoginPage" name="Login" time="0.841"/>
  <testcase classname="PomPage.LoginPage" name="Login" time="1.92"/>
  <testcase classname="PomPage.LoginPage" name="Login" time="0.879"/>
  <testcase classname="PomPage.LoginPage" name="Login" time="0.872"/>
  <testcase classname="PomPage.LoginPage" name="Login" time="0.859"/>
  <testcase classname="PomPage.LoginPage" name="Login" time="0.96"/>
  <testcase classname="PomPage.LoginPage" name="Login" time="0.807"/>
  <testcase classname="PomPage.LoginPage" name="Login" time="0.854"/>
  <testcase classname="PomPage.LoginPage" name="Login" time="0.877"/>
  <testcase classname="PomPage.LoginPage" name="Login" time="1.646"/>
</testsuite> <!-- Default test -->
